# 2025-08-27 22:41:29 — Démarrage du log
2025-08-27 22:42:32 [INFO] [OK] Déplacé: C:\Windows\Installer\10dbb25.msi -> C:\Users\Win\Downloads\TestBackupInstaller\10dbb25.msi
2025-08-27 22:42:32 [INFO] [OK] Déplacé: C:\Windows\Installer\10dbbf1.msi -> C:\Users\Win\Downloads\TestBackupInstaller\10dbbf1.msi
2025-08-27 22:42:32 [INFO] [OK] Déplacé: C:\Windows\Installer\146ce81.msi -> C:\Users\Win\Downloads\TestBackupInstaller\146ce81.msi
2025-08-27 22:42:32 [INFO] [OK] Déplacé: C:\Windows\Installer\14bccbc.msi -> C:\Users\Win\Downloads\TestBackupInstaller\14bccbc.msi
2025-08-27 22:42:32 [INFO] [OK] Déplacé: C:\Windows\Installer\14bcd88.msi -> C:\Users\Win\Downloads\TestBackupInstaller\14bcd88.msi
2025-08-27 22:42:32 [INFO] [OK] Déplacé: C:\Windows\Installer\14e8a0.msi -> C:\Users\Win\Downloads\TestBackupInstaller\14e8a0.msi
2025-08-27 22:42:32 [INFO] [OK] Déplacé: C:\Windows\Installer\16b6617.msi -> C:\Users\Win\Downloads\TestBackupInstaller\16b6617.msi
2025-08-27 22:42:32 [INFO] [OK] Déplacé: C:\Windows\Installer\16b66e3.msi -> C:\Users\Win\Downloads\TestBackupInstaller\16b66e3.msi
2025-08-27 22:42:32 [INFO] [OK] Déplacé: C:\Windows\Installer\1a51dd8.msi -> C:\Users\Win\Downloads\TestBackupInstaller\1a51dd8.msi
2025-08-27 22:42:32 [INFO] [OK] Déplacé: C:\Windows\Installer\1a51ea4.msi -> C:\Users\Win\Downloads\TestBackupInstaller\1a51ea4.msi
2025-08-27 22:42:32 [INFO] [OK] Déplacé: C:\Windows\Installer\1c8289c.msi -> C:\Users\Win\Downloads\TestBackupInstaller\1c8289c.msi
2025-08-27 22:42:32 [INFO] [OK] Déplacé: C:\Windows\Installer\1c82968.msi -> C:\Users\Win\Downloads\TestBackupInstaller\1c82968.msi
2025-08-27 22:42:32 [INFO] [OK] Déplacé: C:\Windows\Installer\1d7cc4.msi -> C:\Users\Win\Downloads\TestBackupInstaller\1d7cc4.msi
2025-08-27 22:42:32 [INFO] [OK] Déplacé: C:\Windows\Installer\1d7ce1.msi -> C:\Users\Win\Downloads\TestBackupInstaller\1d7ce1.msi
2025-08-27 22:42:32 [INFO] [OK] Déplacé: C:\Windows\Installer\1dc3ef.msi -> C:\Users\Win\Downloads\TestBackupInstaller\1dc3ef.msi
2025-08-27 22:42:32 [INFO] [OK] Déplacé: C:\Windows\Installer\1dc496.msi -> C:\Users\Win\Downloads\TestBackupInstaller\1dc496.msi
2025-08-27 22:42:32 [INFO] [OK] Déplacé: C:\Windows\Installer\1e0e8a1.msi -> C:\Users\Win\Downloads\TestBackupInstaller\1e0e8a1.msi
2025-08-27 22:42:32 [INFO] [OK] Déplacé: C:\Windows\Installer\1fbcc1.msi -> C:\Users\Win\Downloads\TestBackupInstaller\1fbcc1.msi
2025-08-27 22:42:32 [INFO] [OK] Déplacé: C:\Windows\Installer\1fbcdf.msi -> C:\Users\Win\Downloads\TestBackupInstaller\1fbcdf.msi
2025-08-27 22:42:32 [INFO] [OK] Déplacé: C:\Windows\Installer\1fbd11.msi -> C:\Users\Win\Downloads\TestBackupInstaller\1fbd11.msi
2025-08-27 22:42:32 [INFO] [OK] Déplacé: C:\Windows\Installer\1fbd2e.msi -> C:\Users\Win\Downloads\TestBackupInstaller\1fbd2e.msi
2025-08-27 22:42:32 [INFO] [OK] Déplacé: C:\Windows\Installer\20a93f9.msi -> C:\Users\Win\Downloads\TestBackupInstaller\20a93f9.msi
2025-08-27 22:42:32 [INFO] [OK] Déplacé: C:\Windows\Installer\2721c64.msi -> C:\Users\Win\Downloads\TestBackupInstaller\2721c64.msi
2025-08-27 22:42:32 [INFO] [OK] Déplacé: C:\Windows\Installer\27df858.msi -> C:\Users\Win\Downloads\TestBackupInstaller\27df858.msi
2025-08-27 22:42:32 [INFO] [OK] Déplacé: C:\Windows\Installer\2a684dd.msi -> C:\Users\Win\Downloads\TestBackupInstaller\2a684dd.msi
2025-08-27 22:42:32 [INFO] [OK] Déplacé: C:\Windows\Installer\2a684fb.msi -> C:\Users\Win\Downloads\TestBackupInstaller\2a684fb.msi
2025-08-27 22:42:32 [INFO] [OK] Déplacé: C:\Windows\Installer\2a757fc.msi -> C:\Users\Win\Downloads\TestBackupInstaller\2a757fc.msi
2025-08-27 22:42:32 [INFO] [OK] Déplacé: C:\Windows\Installer\2a758c8.msi -> C:\Users\Win\Downloads\TestBackupInstaller\2a758c8.msi
2025-08-27 22:42:32 [INFO] [OK] Déplacé: C:\Windows\Installer\2c15bbf.msi -> C:\Users\Win\Downloads\TestBackupInstaller\2c15bbf.msi
2025-08-27 22:42:32 [INFO] [OK] Déplacé: C:\Windows\Installer\2cf029e.msi -> C:\Users\Win\Downloads\TestBackupInstaller\2cf029e.msi
2025-08-27 22:42:32 [INFO] [OK] Déplacé: C:\Windows\Installer\2d58cf5.msi -> C:\Users\Win\Downloads\TestBackupInstaller\2d58cf5.msi
2025-08-27 22:42:32 [INFO] [OK] Déplacé: C:\Windows\Installer\3214aa5.msi -> C:\Users\Win\Downloads\TestBackupInstaller\3214aa5.msi
2025-08-27 22:42:32 [INFO] [OK] Déplacé: C:\Windows\Installer\3a71e.msi -> C:\Users\Win\Downloads\TestBackupInstaller\3a71e.msi
2025-08-27 22:42:32 [INFO] [OK] Déplacé: C:\Windows\Installer\3a73b.msi -> C:\Users\Win\Downloads\TestBackupInstaller\3a73b.msi
2025-08-27 22:42:32 [INFO] [OK] Déplacé: C:\Windows\Installer\3a75b.msi -> C:\Users\Win\Downloads\TestBackupInstaller\3a75b.msi
2025-08-27 22:42:32 [INFO] [OK] Déplacé: C:\Windows\Installer\3a779.msi -> C:\Users\Win\Downloads\TestBackupInstaller\3a779.msi
2025-08-27 22:42:32 [INFO] [OK] Déplacé: C:\Windows\Installer\49ae52.msi -> C:\Users\Win\Downloads\TestBackupInstaller\49ae52.msi
2025-08-27 22:42:32 [INFO] [OK] Déplacé: C:\Windows\Installer\54700.msi -> C:\Users\Win\Downloads\TestBackupInstaller\54700.msi
2025-08-27 22:42:32 [INFO] [OK] Déplacé: C:\Windows\Installer\547cc.msi -> C:\Users\Win\Downloads\TestBackupInstaller\547cc.msi
2025-08-27 22:42:32 [INFO] [OK] Déplacé: C:\Windows\Installer\5d3d4a1.msi -> C:\Users\Win\Downloads\TestBackupInstaller\5d3d4a1.msi
2025-08-27 22:42:32 [INFO] [OK] Déplacé: C:\Windows\Installer\5d3d549.msi -> C:\Users\Win\Downloads\TestBackupInstaller\5d3d549.msi
2025-08-27 22:42:32 [INFO] [OK] Déplacé: C:\Windows\Installer\60af145.msi -> C:\Users\Win\Downloads\TestBackupInstaller\60af145.msi
2025-08-27 22:42:33 [INFO] [OK] Déplacé: C:\Windows\Installer\60af211.msi -> C:\Users\Win\Downloads\TestBackupInstaller\60af211.msi
2025-08-27 22:42:33 [INFO] [OK] Déplacé: C:\Windows\Installer\80197.msi -> C:\Users\Win\Downloads\TestBackupInstaller\80197.msi
2025-08-27 22:42:33 [INFO] [OK] Déplacé: C:\Windows\Installer\8ffcd.msi -> C:\Users\Win\Downloads\TestBackupInstaller\8ffcd.msi
2025-08-27 22:42:33 [INFO] [OK] Déplacé: C:\Windows\Installer\92c1d.msi -> C:\Users\Win\Downloads\TestBackupInstaller\92c1d.msi
2025-08-27 22:42:33 [INFO] [OK] Déplacé: C:\Windows\Installer\94dce.msi -> C:\Users\Win\Downloads\TestBackupInstaller\94dce.msi
2025-08-27 22:42:33 [INFO] [OK] Déplacé: C:\Windows\Installer\95f43e.msi -> C:\Users\Win\Downloads\TestBackupInstaller\95f43e.msi
2025-08-27 22:42:33 [INFO] [OK] Déplacé: C:\Windows\Installer\95f50a.msi -> C:\Users\Win\Downloads\TestBackupInstaller\95f50a.msi
2025-08-27 22:42:33 [INFO] [OK] Déplacé: C:\Windows\Installer\a072813.msi -> C:\Users\Win\Downloads\TestBackupInstaller\a072813.msi
2025-08-27 22:42:33 [INFO] [OK] Déplacé: C:\Windows\Installer\ade833.msi -> C:\Users\Win\Downloads\TestBackupInstaller\ade833.msi
2025-08-27 22:42:33 [INFO] [OK] Déplacé: C:\Windows\Installer\ade8ff.msi -> C:\Users\Win\Downloads\TestBackupInstaller\ade8ff.msi
2025-08-27 22:42:33 [INFO] [OK] Déplacé: C:\Windows\Installer\c43e8.msi -> C:\Users\Win\Downloads\TestBackupInstaller\c43e8.msi
2025-08-27 22:42:33 [INFO] [OK] Déplacé: C:\Windows\Installer\c44b7.msi -> C:\Users\Win\Downloads\TestBackupInstaller\c44b7.msi
2025-08-27 22:42:33 [INFO] [OK] Déplacé: C:\Windows\Installer\c6f837.msi -> C:\Users\Win\Downloads\TestBackupInstaller\c6f837.msi
2025-08-27 22:42:33 [INFO] [OK] Déplacé: C:\Windows\Installer\c6f8df.msi -> C:\Users\Win\Downloads\TestBackupInstaller\c6f8df.msi
2025-08-27 22:42:33 [INFO] [OK] Déplacé: C:\Windows\Installer\c8f45.msi -> C:\Users\Win\Downloads\TestBackupInstaller\c8f45.msi
2025-08-27 22:42:33 [INFO] [OK] Déplacé: C:\Windows\Installer\c9011.msi -> C:\Users\Win\Downloads\TestBackupInstaller\c9011.msi
2025-08-27 22:42:33 [INFO] [OK] Déplacé: C:\Windows\Installer\d40430.msi -> C:\Users\Win\Downloads\TestBackupInstaller\d40430.msi
2025-08-27 22:42:33 [INFO] [OK] Déplacé: C:\Windows\Installer\d404fc.msi -> C:\Users\Win\Downloads\TestBackupInstaller\d404fc.msi
2025-08-27 22:42:33 [INFO] [OK] Déplacé: C:\Windows\Installer\ebec3e.msi -> C:\Users\Win\Downloads\TestBackupInstaller\ebec3e.msi
2025-08-27 22:42:33 [INFO] [OK] Déplacé: C:\Windows\Installer\f74c98.msi -> C:\Users\Win\Downloads\TestBackupInstaller\f74c98.msi
2025-08-27 22:42:33 [INFO] [OK] Déplacé: C:\Windows\Installer\f74d64.msi -> C:\Users\Win\Downloads\TestBackupInstaller\f74d64.msi
2025-08-27 22:42:33 [INFO] [OK] Déplacé: C:\Windows\Installer\MSI8C0B.tmp -> C:\Users\Win\Downloads\TestBackupInstaller\MSI8C0B.tmp
2025-08-27 22:42:33 [INFO] [OK] Déplacé: C:\Windows\Installer\MSIE005.tmp -> C:\Users\Win\Downloads\TestBackupInstaller\MSIE005.tmp
2025-08-27 22:42:33 [INFO] [OK] Déplacé: C:\Windows\Installer\SourceHash{010792BA-551A-3AC0-A7EF-0FAB4156C382} -> C:\Users\Win\Downloads\TestBackupInstaller\SourceHash{010792BA-551A-3AC0-A7EF-0FAB4156C382}
2025-08-27 22:42:33 [INFO] [OK] Déplacé: C:\Windows\Installer\SourceHash{062CD1ED-0A3C-483C-A871-50173240C545} -> C:\Users\Win\Downloads\TestBackupInstaller\SourceHash{062CD1ED-0A3C-483C-A871-50173240C545}
2025-08-27 22:42:33 [INFO] [OK] Déplacé: C:\Windows\Installer\SourceHash{09F7A9FC-D5D9-4D66-B8D1-E5AF348D3434} -> C:\Users\Win\Downloads\TestBackupInstaller\SourceHash{09F7A9FC-D5D9-4D66-B8D1-E5AF348D3434}
2025-08-27 22:42:33 [INFO] [OK] Déplacé: C:\Windows\Installer\SourceHash{0AE366B6-16F9-4838-9202-663F124BB684} -> C:\Users\Win\Downloads\TestBackupInstaller\SourceHash{0AE366B6-16F9-4838-9202-663F124BB684}
2025-08-27 22:42:33 [INFO] [OK] Déplacé: C:\Windows\Installer\SourceHash{15B7D0C2-F209-4C28-AF1C-FD8326F4D58A} -> C:\Users\Win\Downloads\TestBackupInstaller\SourceHash{15B7D0C2-F209-4C28-AF1C-FD8326F4D58A}
2025-08-27 22:42:33 [INFO] [OK] Déplacé: C:\Windows\Installer\SourceHash{1D532BC1-93A9-44B2-A651-51DD92FB454D} -> C:\Users\Win\Downloads\TestBackupInstaller\SourceHash{1D532BC1-93A9-44B2-A651-51DD92FB454D}
2025-08-27 22:42:33 [INFO] [OK] Déplacé: C:\Windows\Installer\SourceHash{23AD4455-B98F-3FC8-9FB9-28001FD3DF52} -> C:\Users\Win\Downloads\TestBackupInstaller\SourceHash{23AD4455-B98F-3FC8-9FB9-28001FD3DF52}
2025-08-27 22:42:33 [INFO] [OK] Déplacé: C:\Windows\Installer\SourceHash{2DC449C9-A7DE-4D58-87C9-0B87E45C77C9} -> C:\Users\Win\Downloads\TestBackupInstaller\SourceHash{2DC449C9-A7DE-4D58-87C9-0B87E45C77C9}
2025-08-27 22:42:33 [INFO] [OK] Déplacé: C:\Windows\Installer\SourceHash{3171E3A6-6BB4-470B-A1C2-D3A4FB086791} -> C:\Users\Win\Downloads\TestBackupInstaller\SourceHash{3171E3A6-6BB4-470B-A1C2-D3A4FB086791}
2025-08-27 22:42:33 [INFO] [OK] Déplacé: C:\Windows\Installer\SourceHash{3D449DAE-40E6-4B5B-AF5D-38D774C647E4} -> C:\Users\Win\Downloads\TestBackupInstaller\SourceHash{3D449DAE-40E6-4B5B-AF5D-38D774C647E4}
2025-08-27 22:42:33 [INFO] [OK] Déplacé: C:\Windows\Installer\SourceHash{43B0D101-A022-48F4-9D04-BA404CEB1D53} -> C:\Users\Win\Downloads\TestBackupInstaller\SourceHash{43B0D101-A022-48F4-9D04-BA404CEB1D53}
2025-08-27 22:42:33 [INFO] [OK] Déplacé: C:\Windows\Installer\SourceHash{455AA7CD-6D99-4039-95D2-FF1A437FD444} -> C:\Users\Win\Downloads\TestBackupInstaller\SourceHash{455AA7CD-6D99-4039-95D2-FF1A437FD444}
2025-08-27 22:42:33 [INFO] [OK] Déplacé: C:\Windows\Installer\SourceHash{53CF6934-A98D-3D84-9146-FC4EDF3D5641} -> C:\Users\Win\Downloads\TestBackupInstaller\SourceHash{53CF6934-A98D-3D84-9146-FC4EDF3D5641}
2025-08-27 22:42:33 [INFO] [OK] Déplacé: C:\Windows\Installer\SourceHash{5D0C4511-3CA1-4FF8-A4BA-C0E1957ABEEA} -> C:\Users\Win\Downloads\TestBackupInstaller\SourceHash{5D0C4511-3CA1-4FF8-A4BA-C0E1957ABEEA}
2025-08-27 22:42:33 [INFO] [OK] Déplacé: C:\Windows\Installer\SourceHash{614C9740-3FD4-4788-A277-7C35CB4C323B} -> C:\Users\Win\Downloads\TestBackupInstaller\SourceHash{614C9740-3FD4-4788-A277-7C35CB4C323B}
2025-08-27 22:42:33 [INFO] [OK] Déplacé: C:\Windows\Installer\SourceHash{69A17DA9-300A-49B9-97F1-1EB7424570DE} -> C:\Users\Win\Downloads\TestBackupInstaller\SourceHash{69A17DA9-300A-49B9-97F1-1EB7424570DE}
2025-08-27 22:42:33 [INFO] [OK] Déplacé: C:\Windows\Installer\SourceHash{6C817CE3-32BC-4C6B-8B1A-E6F71EDAFFCC} -> C:\Users\Win\Downloads\TestBackupInstaller\SourceHash{6C817CE3-32BC-4C6B-8B1A-E6F71EDAFFCC}
2025-08-27 22:42:33 [INFO] [OK] Déplacé: C:\Windows\Installer\SourceHash{6E39BE88-1272-4732-A962-9B34A31EE12C} -> C:\Users\Win\Downloads\TestBackupInstaller\SourceHash{6E39BE88-1272-4732-A962-9B34A31EE12C}
2025-08-27 22:42:33 [INFO] [OK] Déplacé: C:\Windows\Installer\SourceHash{74A763C6-D637-471C-B472-6B6AC71F09E1} -> C:\Users\Win\Downloads\TestBackupInstaller\SourceHash{74A763C6-D637-471C-B472-6B6AC71F09E1}
2025-08-27 22:42:33 [INFO] [OK] Déplacé: C:\Windows\Installer\SourceHash{7A117EE9-1DCA-4DF2-816B-6810A95D67C5} -> C:\Users\Win\Downloads\TestBackupInstaller\SourceHash{7A117EE9-1DCA-4DF2-816B-6810A95D67C5}
2025-08-27 22:42:33 [INFO] [OK] Déplacé: C:\Windows\Installer\SourceHash{81ECD20C-78E2-4721-97DE-7C4158D43A02} -> C:\Users\Win\Downloads\TestBackupInstaller\SourceHash{81ECD20C-78E2-4721-97DE-7C4158D43A02}
2025-08-27 22:42:33 [INFO] [OK] Déplacé: C:\Windows\Installer\SourceHash{86AB2CC9-08BD-4643-B0F9-F82D006D72FF} -> C:\Users\Win\Downloads\TestBackupInstaller\SourceHash{86AB2CC9-08BD-4643-B0F9-F82D006D72FF}
2025-08-27 22:42:33 [INFO] [OK] Déplacé: C:\Windows\Installer\SourceHash{88A26A0A-6B42-3FF3-BA9A-A62BC53A1031} -> C:\Users\Win\Downloads\TestBackupInstaller\SourceHash{88A26A0A-6B42-3FF3-BA9A-A62BC53A1031}
2025-08-27 22:42:33 [INFO] [OK] Déplacé: C:\Windows\Installer\SourceHash{88FE81B2-A29B-4500-926C-D9F798539574} -> C:\Users\Win\Downloads\TestBackupInstaller\SourceHash{88FE81B2-A29B-4500-926C-D9F798539574}
2025-08-27 22:42:33 [INFO] [OK] Déplacé: C:\Windows\Installer\SourceHash{97320ED1-5EFC-46CF-AC12-134714B82578} -> C:\Users\Win\Downloads\TestBackupInstaller\SourceHash{97320ED1-5EFC-46CF-AC12-134714B82578}
2025-08-27 22:42:33 [INFO] [OK] Déplacé: C:\Windows\Installer\SourceHash{996C1ECB-1E29-488E-8DC9-E7AC8D017F1F} -> C:\Users\Win\Downloads\TestBackupInstaller\SourceHash{996C1ECB-1E29-488E-8DC9-E7AC8D017F1F}
2025-08-27 22:42:33 [INFO] [OK] Déplacé: C:\Windows\Installer\SourceHash{A5592FEF-F948-4BA6-A066-8BBFC2DC7EE1} -> C:\Users\Win\Downloads\TestBackupInstaller\SourceHash{A5592FEF-F948-4BA6-A066-8BBFC2DC7EE1}
2025-08-27 22:42:33 [INFO] [OK] Déplacé: C:\Windows\Installer\SourceHash{A6EA542C-884C-4FE7-89E4-8C28E14B601C} -> C:\Users\Win\Downloads\TestBackupInstaller\SourceHash{A6EA542C-884C-4FE7-89E4-8C28E14B601C}
2025-08-27 22:42:33 [INFO] [OK] Déplacé: C:\Windows\Installer\SourceHash{B2C24DAF-4178-3ABD-B4D0-121DDBCBD316} -> C:\Users\Win\Downloads\TestBackupInstaller\SourceHash{B2C24DAF-4178-3ABD-B4D0-121DDBCBD316}
2025-08-27 22:42:33 [INFO] [OK] Déplacé: C:\Windows\Installer\SourceHash{B2E7F2C8-73CD-4269-B7BC-11B7D8BB7A37} -> C:\Users\Win\Downloads\TestBackupInstaller\SourceHash{B2E7F2C8-73CD-4269-B7BC-11B7D8BB7A37}
2025-08-27 22:42:33 [INFO] [OK] Déplacé: C:\Windows\Installer\SourceHash{B546B86F-9CE7-4ED9-9AB7-B0E1D0626801} -> C:\Users\Win\Downloads\TestBackupInstaller\SourceHash{B546B86F-9CE7-4ED9-9AB7-B0E1D0626801}
2025-08-27 22:42:33 [INFO] [OK] Déplacé: C:\Windows\Installer\SourceHash{B84443A1-BE1B-4C5E-B834-E12133604B12} -> C:\Users\Win\Downloads\TestBackupInstaller\SourceHash{B84443A1-BE1B-4C5E-B834-E12133604B12}
2025-08-27 22:42:33 [INFO] [OK] Déplacé: C:\Windows\Installer\SourceHash{B9F7A454-0CCD-410C-A3E0-D1AAC300F150} -> C:\Users\Win\Downloads\TestBackupInstaller\SourceHash{B9F7A454-0CCD-410C-A3E0-D1AAC300F150}
2025-08-27 22:42:33 [INFO] [OK] Déplacé: C:\Windows\Installer\SourceHash{BBD33465-6641-37D3-9444-5CCD7FE71A79} -> C:\Users\Win\Downloads\TestBackupInstaller\SourceHash{BBD33465-6641-37D3-9444-5CCD7FE71A79}
2025-08-27 22:42:33 [INFO] [OK] Déplacé: C:\Windows\Installer\SourceHash{BC56BEFC-D9B7-476F-9B7C-2CD494572C27} -> C:\Users\Win\Downloads\TestBackupInstaller\SourceHash{BC56BEFC-D9B7-476F-9B7C-2CD494572C27}
2025-08-27 22:42:33 [INFO] [OK] Déplacé: C:\Windows\Installer\SourceHash{CB771E25-82B7-435C-B8CF-1DAF85D9A373} -> C:\Users\Win\Downloads\TestBackupInstaller\SourceHash{CB771E25-82B7-435C-B8CF-1DAF85D9A373}
2025-08-27 22:42:33 [INFO] [OK] Déplacé: C:\Windows\Installer\SourceHash{D0A94A45-5F14-4915-9F95-0B58D3D1B4A2} -> C:\Users\Win\Downloads\TestBackupInstaller\SourceHash{D0A94A45-5F14-4915-9F95-0B58D3D1B4A2}
2025-08-27 22:42:33 [INFO] [OK] Déplacé: C:\Windows\Installer\SourceHash{D8C857C8-F64F-492D-9B77-18AC61330CD7} -> C:\Users\Win\Downloads\TestBackupInstaller\SourceHash{D8C857C8-F64F-492D-9B77-18AC61330CD7}
2025-08-27 22:42:33 [INFO] [OK] Déplacé: C:\Windows\Installer\SourceHash{E66727F6-903D-439B-9EDD-2776EF1A3B57} -> C:\Users\Win\Downloads\TestBackupInstaller\SourceHash{E66727F6-903D-439B-9EDD-2776EF1A3B57}
2025-08-27 22:42:33 [INFO] [OK] Déplacé: C:\Windows\Installer\SourceHash{E825D5E5-0D02-484E-BB9B-1251E106979B} -> C:\Users\Win\Downloads\TestBackupInstaller\SourceHash{E825D5E5-0D02-484E-BB9B-1251E106979B}
2025-08-27 22:42:33 [INFO] [OK] Déplacé: C:\Windows\Installer\SourceHash{ED41CD4E-33BB-400C-AB20-B09388DC83EF} -> C:\Users\Win\Downloads\TestBackupInstaller\SourceHash{ED41CD4E-33BB-400C-AB20-B09388DC83EF}
2025-08-27 22:42:33 [INFO] [OK] Déplacé: C:\Windows\Installer\SourceHash{ED5AFC20-0E4F-457A-A2E7-60057F74BE94} -> C:\Users\Win\Downloads\TestBackupInstaller\SourceHash{ED5AFC20-0E4F-457A-A2E7-60057F74BE94}
2025-08-27 22:42:33 [INFO] [OK] Déplacé: C:\Windows\Installer\SourceHash{F12CDBC1-172E-4413-829C-B5234E386262} -> C:\Users\Win\Downloads\TestBackupInstaller\SourceHash{F12CDBC1-172E-4413-829C-B5234E386262}
2025-08-27 22:42:33 [INFO] [OK] Déplacé: C:\Windows\Installer\SourceHash{F342FA3C-E055-4153-A6C1-4689ADA20E2B} -> C:\Users\Win\Downloads\TestBackupInstaller\SourceHash{F342FA3C-E055-4153-A6C1-4689ADA20E2B}
2025-08-27 22:42:33 [INFO] [OK] Déplacé: C:\Windows\Installer\SourceHash{F956477A-6450-4ABF-9C5F-AAAF4EAF6F6D} -> C:\Users\Win\Downloads\TestBackupInstaller\SourceHash{F956477A-6450-4ABF-9C5F-AAAF4EAF6F6D}
2025-08-27 22:42:33 [INFO] [OK] Déplacé: C:\Windows\Installer\SourceHash{FEC29E44-BB89-4669-91C1-7E93C3EE177A} -> C:\Users\Win\Downloads\TestBackupInstaller\SourceHash{FEC29E44-BB89-4669-91C1-7E93C3EE177A}
